#
# A fatal error has been detected by the Java Runtime Environment:
#
#  EXCEPTION_ACCESS_VIOLATION (0xc0000005) at pc=0x6d167180, pid=3972, tid=4196
#
# JRE version: 6.0_27-b07
# Java VM: Java HotSpot(TM) Client VM (20.2-b06 mixed mode, sharing windows-x86 )
# Problematic frame:
# C  [awt.dll+0xb7180]
#
# If you would like to submit a bug report, please visit:
#   http://java.sun.com/webapps/bugreport/crash.jsp
# The crash happened outside the Java Virtual Machine in native code.
# See problematic frame for where to report the bug.
#

---------------  T H R E A D  ---------------

Current thread (0x01ad9c00):  JavaThread "AWT-Windows" daemon [_thread_in_native, id=4196, stack(0x040d0000,0x04120000)]

siginfo: ExceptionCode=0xc0000005, reading address 0x00000000

Registers:
EAX=0x0411f574, EBX=0x061a0048, ECX=0x00000374, EDX=0x000000c0
ESP=0x0411f55c, EBP=0x0411f708, ESI=0x00000000, EDI=0x000000c0
EIP=0x6d167180, EFLAGS=0x00010206

Top of Stack: (sp=0x0411f55c)
0x0411f55c:   0411f574 00001000 00000556 01adfa40
0x0411f56c:   00000013 00000556 01adfa40 6d15f3ab
0x0411f57c:   00000000 01ae0a6c 01adfa40 01adfa40
0x0411f58c:   0411f56c 0411f708 000002c2 00000556
0x0411f59c:   01adfa40 6d162d6f 44aac000 44308000
0x0411f5ac:   00000556 000002c2 01ae0a58 6d163831
0x0411f5bc:   6d163ccd 00000000 00000000 00000556
0x0411f5cc:   00000013 00009825 01ad9d28 00000001 

Instructions: (pc=0x6d167180)
0x6d167160:   d8 56 8b b3 10 a0 00 00 1b c0 57 25 00 f0 ff ff
0x6d167170:   05 00 20 00 00 50 c1 e2 05 8d 44 24 14 50 8b fa
0x6d167180:   8b 16 57 c1 e1 05 51 56 ff 52 2c 85 c0 0f 8c 93
0x6d167190:   00 00 00 8b 53 04 8b cf 8b 7c 24 10 8b c1 c1 e9 


Register to memory mapping:

EAX=0x0411f574 is pointing into the stack for thread: 0x01ad9c00
EBX=0x061a0048 is an unknown value
ECX=0x00000374 is an unknown value
EDX=0x000000c0 is an unknown value
ESP=0x0411f55c is pointing into the stack for thread: 0x01ad9c00
EBP=0x0411f708 is pointing into the stack for thread: 0x01ad9c00
ESI=0x00000000 is an unknown value
EDI=0x000000c0 is an unknown value


Stack: [0x040d0000,0x04120000],  sp=0x0411f55c,  free space=317k
Native frames: (J=compiled Java code, j=interpreted, Vv=VM code, C=native code)
C  [awt.dll+0xb7180]  D3DVertexCacher::Render+0x50
C  [awt.dll+0x9ce0a]  Java_sun_awt_windows_WToolkit_loadSystemColors+0x94a
C  [USER32.dll+0x186ef]  IsThreadDesktopComposited+0x11f
C  [USER32.dll+0x18876]  IsThreadDesktopComposited+0x2a6
C  [USER32.dll+0x170f4]  InflateRect+0x74
C  [USER32.dll+0x1738f]  DefWindowProcW+0x144
C  [ntdll.dll+0x460ce]  KiUserCallbackDispatcher+0x2e
C  [USER32.dll+0x192a9]  PeekMessageW+0xf4

Java frames: (J=compiled Java code, j=interpreted, Vv=VM code)
j  sun.awt.windows.WToolkit.eventLoop()V+0
j  sun.awt.windows.WToolkit.run()V+52
j  java.lang.Thread.run()V+11
v  ~StubRoutines::call_stub

---------------  P R O C E S S  ---------------

Java Threads: ( => current thread )
  0x06bb9800 JavaThread "D3D Screen Updater" daemon [_thread_blocked, id=6072, stack(0x04370000,0x043c0000)]
  0x06bb5c00 JavaThread "Thread-2" daemon [_thread_blocked, id=2564, stack(0x04320000,0x04370000)]
  0x062de000 JavaThread "TimerQueue" daemon [_thread_blocked, id=1128, stack(0x04270000,0x042c0000)]
  0x003d9800 JavaThread "DestroyJavaVM" [_thread_blocked, id=5296, stack(0x00360000,0x003b0000)]
  0x01ada400 JavaThread "AWT-EventQueue-0" [_thread_blocked, id=344, stack(0x04120000,0x04170000)]
=>0x01ad9c00 JavaThread "AWT-Windows" daemon [_thread_in_native, id=4196, stack(0x040d0000,0x04120000)]
  0x01ad9800 JavaThread "AWT-Shutdown" [_thread_blocked, id=764, stack(0x03f40000,0x03f90000)]
  0x01ad7000 JavaThread "Java2D Disposer" daemon [_thread_in_native, id=4016, stack(0x03ef0000,0x03f40000)]
  0x01a85c00 JavaThread "Low Memory Detector" daemon [_thread_blocked, id=1212, stack(0x03de0000,0x03e30000)]
  0x01a7bc00 JavaThread "C1 CompilerThread0" daemon [_thread_blocked, id=4668, stack(0x03d90000,0x03de0000)]
  0x01a7ac00 JavaThread "Attach Listener" daemon [_thread_blocked, id=6076, stack(0x03d40000,0x03d90000)]
  0x01a77800 JavaThread "Signal Dispatcher" daemon [_thread_blocked, id=6028, stack(0x03cf0000,0x03d40000)]
  0x01a6b800 JavaThread "Finalizer" daemon [_thread_blocked, id=5396, stack(0x03ca0000,0x03cf0000)]
  0x01a6a000 JavaThread "Reference Handler" daemon [_thread_blocked, id=5944, stack(0x03c50000,0x03ca0000)]

Other Threads:
  0x01a2e000 VMThread [stack: 0x03c00000,0x03c50000] [id=2272]
  0x01a97800 WatcherThread [stack: 0x03e30000,0x03e80000] [id=5340]

VM state:not at safepoint (normal execution)

VM Mutex/Monitor currently owned by a thread: None

Heap
 def new generation   total 4928K, used 575K [0x23b20000, 0x24070000, 0x29070000)
  eden space 4416K,   3% used [0x23b20000, 0x23b48a28, 0x23f70000)
  from space 512K,  80% used [0x23f70000, 0x23fd7418, 0x23ff0000)
  to   space 512K,   0% used [0x23ff0000, 0x23ff0000, 0x24070000)
 tenured generation   total 10944K, used 5569K [0x29070000, 0x29b20000, 0x33b20000)
   the space 10944K,  50% used [0x29070000, 0x295e0478, 0x295e0600, 0x29b20000)
 compacting perm gen  total 12288K, used 1987K [0x33b20000, 0x34720000, 0x37b20000)
   the space 12288K,  16% used [0x33b20000, 0x33d10d98, 0x33d10e00, 0x34720000)
    ro space 10240K,  54% used [0x37b20000, 0x3809f548, 0x3809f600, 0x38520000)
    rw space 12288K,  55% used [0x38520000, 0x38bc5140, 0x38bc5200, 0x39120000)

Code Cache  [0x01af0000, 0x01c10000, 0x03af0000)
 total_blobs=715 nmethods=504 adapters=147 free_code_cache=32393088 largest_free_block=384

Dynamic libraries:
0x00400000 - 0x00424000 	C:\Program Files\Java\jdk1.6.0_27\bin\javaw.exe
0x776c0000 - 0x777fc000 	C:\windows\SYSTEM32\ntdll.dll
0x775e0000 - 0x776b4000 	C:\windows\system32\kernel32.dll
0x75580000 - 0x755cb000 	C:\windows\system32\KERNELBASE.dll
0x768c0000 - 0x76960000 	C:\windows\system32\ADVAPI32.dll
0x76b00000 - 0x76bac000 	C:\windows\system32\msvcrt.dll
0x778d0000 - 0x778e9000 	C:\windows\SYSTEM32\sechost.dll
0x76d40000 - 0x76de1000 	C:\windows\system32\RPCRT4.dll
0x77080000 - 0x77149000 	C:\windows\system32\USER32.dll
0x76670000 - 0x766be000 	C:\windows\system32\GDI32.dll
0x778c0000 - 0x778ca000 	C:\windows\system32\LPK.dll
0x76ca0000 - 0x76d3e000 	C:\windows\system32\USP10.dll
0x76650000 - 0x7666f000 	C:\windows\system32\IMM32.DLL
0x77380000 - 0x7744c000 	C:\windows\system32\MSCTF.dll
0x7c340000 - 0x7c396000 	C:\Program Files\Java\jdk1.6.0_27\jre\bin\msvcr71.dll
0x6d8a0000 - 0x6db4f000 	C:\Program Files\Java\jdk1.6.0_27\jre\bin\client\jvm.dll
0x75540000 - 0x75572000 	C:\windows\system32\WINMM.dll
0x753f0000 - 0x7543b000 	C:\windows\system32\apphelp.dll
0x6d850000 - 0x6d85c000 	C:\Program Files\Java\jdk1.6.0_27\jre\bin\verify.dll
0x6d3d0000 - 0x6d3ef000 	C:\Program Files\Java\jdk1.6.0_27\jre\bin\java.dll
0x6d890000 - 0x6d89f000 	C:\Program Files\Java\jdk1.6.0_27\jre\bin\zip.dll
0x6d0b0000 - 0x6d1fc000 	C:\Program Files\Java\jdk1.6.0_27\jre\bin\awt.dll
0x712e0000 - 0x71331000 	C:\windows\system32\WINSPOOL.DRV
0x76720000 - 0x7687c000 	C:\windows\system32\ole32.dll
0x741c0000 - 0x7435e000 	C:\windows\WinSxS\x86_microsoft.windows.common-controls_6595b64144ccf1df_6.0.7600.16661_none_420fe3fa2b8113bd\COMCTL32.dll
0x766c0000 - 0x76717000 	C:\windows\system32\SHLWAPI.dll
0x75600000 - 0x75613000 	C:\windows\system32\DWMAPI.DLL
0x740d0000 - 0x74110000 	C:\windows\system32\uxtheme.dll
0x75440000 - 0x7544c000 	C:\windows\system32\CRYPTBASE.dll
0x75a00000 - 0x76649000 	C:\windows\system32\shell32.dll
0x6d2e0000 - 0x6d32f000 	C:\Program Files\Java\jdk1.6.0_27\jre\bin\fontmanager.dll
0x731e0000 - 0x733a3000 	C:\windows\system32\d3d9.dll
0x74980000 - 0x74989000 	C:\windows\system32\VERSION.dll
0x741b0000 - 0x741b6000 	C:\windows\system32\d3d8thk.dll
0x70990000 - 0x70a26000 	C:\windows\system32\aticfx32.dll
0x6f180000 - 0x6f18a000 	C:\windows\system32\atiu9pag.dll
0x69750000 - 0x69b50000 	C:\windows\system32\atiumdag.dll
0x69be0000 - 0x69f45000 	C:\windows\system32\atiumdva.dll
0x6d6b0000 - 0x6d6c3000 	C:\Program Files\Java\jdk1.6.0_27\jre\bin\net.dll
0x76880000 - 0x768b5000 	C:\windows\system32\WS2_32.dll
0x758f0000 - 0x758f6000 	C:\windows\system32\NSI.dll
0x74f30000 - 0x74f6c000 	C:\windows\system32\mswsock.dll
0x74f20000 - 0x74f26000 	C:\windows\System32\wship6.dll
0x6d6d0000 - 0x6d6d9000 	C:\Program Files\Java\jdk1.6.0_27\jre\bin\nio.dll
0x76ff0000 - 0x7707f000 	C:\windows\system32\OLEAUT32.DLL
0x75860000 - 0x75865000 	C:\windows\system32\PSAPI.DLL

VM Arguments:
jvm_args: -Dfile.encoding=GBK 
java_command: anyviewj.AnyviewJApp
Launcher Type: SUN_STANDARD

Environment Variables:
JAVA_HOME=C:\Program Files\Java\jdk1.6.0_27
PATH=C:/Program Files/Java/jdk1.6.0_27/bin/../jre/bin/client;C:/Program Files/Java/jdk1.6.0_27/bin/../jre/bin;C:/Program Files/Java/jdk1.6.0_27/bin/../jre/lib/i386;C:\windows\system32;C:\windows;C:\windows\System32\Wbem;C:\windows\System32\WindowsPowerShell\v1.0\;C:\Program Files\Broadcom\Broadcom 802.11 Network Adapter\Driver;.;C:\Program Files\Java\jdk1.6.0_27\bin;C:\Program Files\ATI Technologies\ATI.ACE\Core-Static;C:\Program Files\Microsoft SQL Server\90\Tools\binn\;C:\Program Files\Microsoft SQL Server\90\DTS\Binn\;C:\Program Files\Microsoft SQL Server\90\Tools\Binn\VSShell\Common7\IDE\;C:\Program Files\Microsoft Visual Studio 8\Common7\IDE\PrivateAssemblies\;C:\Program Files\MySQL\MySQL Server 5.5\bin;C:\Program Files\Microsoft SQL Server\80\Tools\BINN;C:\cygwin\bin;D:\Program Files\SVN_1.616\bin;C:\Program Files\TortoiseSVN\bin;C:\Program Files\Subversion\bin;D:\Program Files\android-sdk-windows\platform-tools;D:\Program Files\android-sdk-windows\tools;C:\Program Files\Microsoft SQL Server\80\Tools\Binn\;D:\Program Files\eclipse-win32\eclipse;
USERNAME=hou
OS=Windows_NT
PROCESSOR_IDENTIFIER=x86 Family 6 Model 37 Stepping 5, GenuineIntel



---------------  S Y S T E M  ---------------

OS: Windows 7 Build 7600 

CPU:total 4 (2 cores per cpu, 2 threads per core) family 6 model 37 stepping 5, cmov, cx8, fxsr, mmx, sse, sse2, sse3, ssse3, sse4.1, sse4.2, popcnt, ht

Memory: 4k page, physical 2022260k(691648k free), swap 4044520k(2014636k free)

vm_info: Java HotSpot(TM) Client VM (20.2-b06) for windows-x86 JRE (1.6.0_27-b07), built on Jul 19 2011 01:04:42 by "java_re" with MS VC++ 7.1 (VS2003)

time: Tue Dec 03 16:06:03 2013
elapsed time: 15749 seconds

